{"C:\\Users\\Liema\\H8\\Assignment\\Fase2\\ip-AlvinLiem\\server\\app.js": {"path":"C:\\Users\\Liema\\H8\\Assignment\\Fase2\\ip-AlvinLiem\\server\\app.js","statementMap":{"0":{"start":{"line":1,"column":0},"end":{"line":3,"column":1}},"1":{"start":{"line":2,"column":2},"end":{"line":2,"column":29}},"2":{"start":{"line":5,"column":16},"end":{"line":5,"column":34}},"3":{"start":{"line":6,"column":15},"end":{"line":6,"column":34}},"4":{"start":{"line":7,"column":25},"end":{"line":7,"column":61}},"5":{"start":{"line":8,"column":12},"end":{"line":8,"column":21}},"6":{"start":{"line":9,"column":13},"end":{"line":9,"column":28}},"7":{"start":{"line":10,"column":13},"end":{"line":10,"column":37}},"8":{"start":{"line":12,"column":0},"end":{"line":12,"column":16}},"9":{"start":{"line":13,"column":0},"end":{"line":13,"column":49}},"10":{"start":{"line":14,"column":0},"end":{"line":14,"column":24}},"11":{"start":{"line":16,"column":0},"end":{"line":16,"column":16}},"12":{"start":{"line":18,"column":0},"end":{"line":18,"column":22}},"13":{"start":{"line":20,"column":0},"end":{"line":20,"column":21}}},"fnMap":{},"branchMap":{"0":{"loc":{"start":{"line":1,"column":0},"end":{"line":3,"column":1}},"type":"if","locations":[{"start":{"line":1,"column":0},"end":{"line":3,"column":1}},{"start":{},"end":{}}],"line":1},"1":{"loc":{"start":{"line":10,"column":13},"end":{"line":10,"column":37}},"type":"binary-expr","locations":[{"start":{"line":10,"column":13},"end":{"line":10,"column":29}},{"start":{"line":10,"column":33},"end":{"line":10,"column":37}}],"line":10}},"s":{"0":3,"1":3,"2":3,"3":3,"4":3,"5":3,"6":3,"7":3,"8":3,"9":3,"10":3,"11":3,"12":3,"13":3},"f":{},"b":{"0":[3,0],"1":[3,3]},"_coverageSchema":"1a1c01bbd47fc00a2c39e90264f33305004495a9","hash":"def99a7ffdef25bd3031ee32162504bae60517b7"}
,"C:\\Users\\Liema\\H8\\Assignment\\Fase2\\ip-AlvinLiem\\server\\Controllers\\MealController.js": {"path":"C:\\Users\\Liema\\H8\\Assignment\\Fase2\\ip-AlvinLiem\\server\\Controllers\\MealController.js","statementMap":{"0":{"start":{"line":1,"column":17},"end":{"line":1,"column":43}},"1":{"start":{"line":5,"column":4},"end":{"line":10,"column":5}},"2":{"start":{"line":6,"column":19},"end":{"line":6,"column":39}},"3":{"start":{"line":7,"column":6},"end":{"line":7,"column":33}},"4":{"start":{"line":9,"column":6},"end":{"line":9,"column":18}},"5":{"start":{"line":14,"column":4},"end":{"line":24,"column":5}},"6":{"start":{"line":15,"column":21},"end":{"line":15,"column":31}},"7":{"start":{"line":16,"column":19},"end":{"line":16,"column":42}},"8":{"start":{"line":18,"column":6},"end":{"line":20,"column":7}},"9":{"start":{"line":19,"column":8},"end":{"line":19,"column":41}},"10":{"start":{"line":21,"column":6},"end":{"line":21,"column":33}},"11":{"start":{"line":23,"column":6},"end":{"line":23,"column":18}},"12":{"start":{"line":28,"column":0},"end":{"line":28,"column":32}}},"fnMap":{"0":{"name":"(anonymous_0)","decl":{"start":{"line":4,"column":2},"end":{"line":4,"column":3}},"loc":{"start":{"line":4,"column":36},"end":{"line":11,"column":3}},"line":4},"1":{"name":"(anonymous_1)","decl":{"start":{"line":13,"column":2},"end":{"line":13,"column":3}},"loc":{"start":{"line":13,"column":38},"end":{"line":25,"column":3}},"line":13}},"branchMap":{"0":{"loc":{"start":{"line":18,"column":6},"end":{"line":20,"column":7}},"type":"if","locations":[{"start":{"line":18,"column":6},"end":{"line":20,"column":7}},{"start":{},"end":{}}],"line":18}},"s":{"0":3,"1":1,"2":1,"3":1,"4":0,"5":2,"6":2,"7":2,"8":2,"9":1,"10":1,"11":1,"12":3},"f":{"0":1,"1":2},"b":{"0":[1,1]},"_coverageSchema":"1a1c01bbd47fc00a2c39e90264f33305004495a9","hash":"472aeb62e6e03f94be74a47085b420750c056463"}
,"C:\\Users\\Liema\\H8\\Assignment\\Fase2\\ip-AlvinLiem\\server\\Controllers\\OrderController.js": {"path":"C:\\Users\\Liema\\H8\\Assignment\\Fase2\\ip-AlvinLiem\\server\\Controllers\\OrderController.js","statementMap":{"0":{"start":{"line":1,"column":24},"end":{"line":1,"column":50}},"1":{"start":{"line":2,"column":15},"end":{"line":2,"column":35}},"2":{"start":{"line":6,"column":4},"end":{"line":22,"column":5}},"3":{"start":{"line":7,"column":25},"end":{"line":7,"column":35}},"4":{"start":{"line":8,"column":21},"end":{"line":8,"column":32}},"5":{"start":{"line":10,"column":19},"end":{"line":10,"column":46}},"6":{"start":{"line":11,"column":6},"end":{"line":13,"column":7}},"7":{"start":{"line":12,"column":8},"end":{"line":12,"column":41}},"8":{"start":{"line":15,"column":22},"end":{"line":15,"column":62}},"9":{"start":{"line":17,"column":20},"end":{"line":17,"column":67}},"10":{"start":{"line":19,"column":6},"end":{"line":19,"column":34}},"11":{"start":{"line":21,"column":6},"end":{"line":21,"column":18}},"12":{"start":{"line":26,"column":4},"end":{"line":37,"column":5}},"13":{"start":{"line":27,"column":21},"end":{"line":27,"column":32}},"14":{"start":{"line":29,"column":21},"end":{"line":32,"column":8}},"15":{"start":{"line":34,"column":6},"end":{"line":34,"column":35}},"16":{"start":{"line":36,"column":6},"end":{"line":36,"column":18}},"17":{"start":{"line":41,"column":4},"end":{"line":64,"column":5}},"18":{"start":{"line":42,"column":21},"end":{"line":42,"column":31}},"19":{"start":{"line":43,"column":21},"end":{"line":43,"column":32}},"20":{"start":{"line":45,"column":20},"end":{"line":45,"column":44}},"21":{"start":{"line":47,"column":6},"end":{"line":49,"column":7}},"22":{"start":{"line":48,"column":8},"end":{"line":48,"column":41}},"23":{"start":{"line":51,"column":6},"end":{"line":55,"column":7}},"24":{"start":{"line":52,"column":8},"end":{"line":54,"column":9}},"25":{"start":{"line":53,"column":10},"end":{"line":53,"column":45}},"26":{"start":{"line":57,"column":6},"end":{"line":59,"column":9}},"27":{"start":{"line":61,"column":6},"end":{"line":61,"column":58}},"28":{"start":{"line":63,"column":6},"end":{"line":63,"column":18}},"29":{"start":{"line":68,"column":0},"end":{"line":68,"column":33}}},"fnMap":{"0":{"name":"(anonymous_0)","decl":{"start":{"line":5,"column":2},"end":{"line":5,"column":3}},"loc":{"start":{"line":5,"column":35},"end":{"line":23,"column":3}},"line":5},"1":{"name":"(anonymous_1)","decl":{"start":{"line":25,"column":2},"end":{"line":25,"column":3}},"loc":{"start":{"line":25,"column":36},"end":{"line":38,"column":3}},"line":25},"2":{"name":"(anonymous_2)","decl":{"start":{"line":40,"column":2},"end":{"line":40,"column":3}},"loc":{"start":{"line":40,"column":35},"end":{"line":65,"column":3}},"line":40}},"branchMap":{"0":{"loc":{"start":{"line":11,"column":6},"end":{"line":13,"column":7}},"type":"if","locations":[{"start":{"line":11,"column":6},"end":{"line":13,"column":7}},{"start":{},"end":{}}],"line":11},"1":{"loc":{"start":{"line":47,"column":6},"end":{"line":49,"column":7}},"type":"if","locations":[{"start":{"line":47,"column":6},"end":{"line":49,"column":7}},{"start":{},"end":{}}],"line":47},"2":{"loc":{"start":{"line":51,"column":6},"end":{"line":55,"column":7}},"type":"if","locations":[{"start":{"line":51,"column":6},"end":{"line":55,"column":7}},{"start":{},"end":{}}],"line":51},"3":{"loc":{"start":{"line":52,"column":8},"end":{"line":54,"column":9}},"type":"if","locations":[{"start":{"line":52,"column":8},"end":{"line":54,"column":9}},{"start":{},"end":{}}],"line":52}},"s":{"0":3,"1":3,"2":2,"3":2,"4":2,"5":2,"6":2,"7":1,"8":1,"9":1,"10":1,"11":1,"12":1,"13":1,"14":1,"15":1,"16":0,"17":4,"18":4,"19":4,"20":4,"21":4,"22":1,"23":3,"24":2,"25":1,"26":2,"27":2,"28":2,"29":3},"f":{"0":2,"1":1,"2":4},"b":{"0":[1,1],"1":[1,3],"2":[2,1],"3":[1,1]},"_coverageSchema":"1a1c01bbd47fc00a2c39e90264f33305004495a9","hash":"4ff6d4a8452db5b862d4636b1b4b5e1f121230ba"}
,"C:\\Users\\Liema\\H8\\Assignment\\Fase2\\ip-AlvinLiem\\server\\Controllers\\PaymentController.js": {"path":"C:\\Users\\Liema\\H8\\Assignment\\Fase2\\ip-AlvinLiem\\server\\Controllers\\PaymentController.js","statementMap":{"0":{"start":{"line":1,"column":23},"end":{"line":1,"column":49}},"1":{"start":{"line":2,"column":18},"end":{"line":2,"column":44}},"2":{"start":{"line":6,"column":4},"end":{"line":32,"column":5}},"3":{"start":{"line":7,"column":21},"end":{"line":7,"column":31}},"4":{"start":{"line":8,"column":20},"end":{"line":8,"column":44}},"5":{"start":{"line":10,"column":6},"end":{"line":12,"column":7}},"6":{"start":{"line":11,"column":8},"end":{"line":11,"column":41}},"7":{"start":{"line":14,"column":17},"end":{"line":18,"column":8}},"8":{"start":{"line":20,"column":22},"end":{"line":25,"column":7}},"9":{"start":{"line":27,"column":23},"end":{"line":27,"column":62}},"10":{"start":{"line":29,"column":6},"end":{"line":29,"column":37}},"11":{"start":{"line":31,"column":6},"end":{"line":31,"column":18}},"12":{"start":{"line":36,"column":27},"end":{"line":36,"column":35}},"13":{"start":{"line":37,"column":18},"end":{"line":37,"column":41}},"14":{"start":{"line":38,"column":28},"end":{"line":38,"column":61}},"15":{"start":{"line":39,"column":22},"end":{"line":39,"column":49}},"16":{"start":{"line":41,"column":4},"end":{"line":43,"column":6}},"17":{"start":{"line":46,"column":18},"end":{"line":48,"column":6}},"18":{"start":{"line":51,"column":6},"end":{"line":51,"column":45}},"19":{"start":{"line":54,"column":4},"end":{"line":72,"column":5}},"20":{"start":{"line":55,"column":6},"end":{"line":59,"column":7}},"21":{"start":{"line":58,"column":8},"end":{"line":58,"column":31}},"22":{"start":{"line":60,"column":11},"end":{"line":72,"column":5}},"23":{"start":{"line":63,"column":6},"end":{"line":63,"column":29}},"24":{"start":{"line":64,"column":11},"end":{"line":72,"column":5}},"25":{"start":{"line":71,"column":6},"end":{"line":71,"column":45}},"26":{"start":{"line":74,"column":4},"end":{"line":74,"column":24}},"27":{"start":{"line":78,"column":0},"end":{"line":78,"column":35}}},"fnMap":{"0":{"name":"(anonymous_0)","decl":{"start":{"line":5,"column":2},"end":{"line":5,"column":3}},"loc":{"start":{"line":5,"column":48},"end":{"line":33,"column":3}},"line":5},"1":{"name":"(anonymous_1)","decl":{"start":{"line":35,"column":2},"end":{"line":35,"column":3}},"loc":{"start":{"line":35,"column":56},"end":{"line":75,"column":3}},"line":35},"2":{"name":"successProcess","decl":{"start":{"line":50,"column":19},"end":{"line":50,"column":33}},"loc":{"start":{"line":50,"column":36},"end":{"line":52,"column":5}},"line":50}},"branchMap":{"0":{"loc":{"start":{"line":10,"column":6},"end":{"line":12,"column":7}},"type":"if","locations":[{"start":{"line":10,"column":6},"end":{"line":12,"column":7}},{"start":{},"end":{}}],"line":10},"1":{"loc":{"start":{"line":54,"column":4},"end":{"line":72,"column":5}},"type":"if","locations":[{"start":{"line":54,"column":4},"end":{"line":72,"column":5}},{"start":{"line":60,"column":11},"end":{"line":72,"column":5}}],"line":54},"2":{"loc":{"start":{"line":55,"column":6},"end":{"line":59,"column":7}},"type":"if","locations":[{"start":{"line":55,"column":6},"end":{"line":59,"column":7}},{"start":{},"end":{}}],"line":55},"3":{"loc":{"start":{"line":60,"column":11},"end":{"line":72,"column":5}},"type":"if","locations":[{"start":{"line":60,"column":11},"end":{"line":72,"column":5}},{"start":{"line":64,"column":11},"end":{"line":72,"column":5}}],"line":60},"4":{"loc":{"start":{"line":64,"column":11},"end":{"line":72,"column":5}},"type":"if","locations":[{"start":{"line":64,"column":11},"end":{"line":72,"column":5}},{"start":{},"end":{}}],"line":64},"5":{"loc":{"start":{"line":65,"column":6},"end":{"line":67,"column":35}},"type":"binary-expr","locations":[{"start":{"line":65,"column":6},"end":{"line":65,"column":35}},{"start":{"line":66,"column":6},"end":{"line":66,"column":33}},{"start":{"line":67,"column":6},"end":{"line":67,"column":35}}],"line":65}},"s":{"0":3,"1":3,"2":0,"3":0,"4":0,"5":0,"6":0,"7":0,"8":0,"9":0,"10":0,"11":0,"12":0,"13":0,"14":0,"15":0,"16":0,"17":0,"18":0,"19":0,"20":0,"21":0,"22":0,"23":0,"24":0,"25":0,"26":0,"27":3},"f":{"0":0,"1":0,"2":0},"b":{"0":[0,0],"1":[0,0],"2":[0,0],"3":[0,0],"4":[0,0],"5":[0,0,0]},"_coverageSchema":"1a1c01bbd47fc00a2c39e90264f33305004495a9","hash":"f7166a9a02326e8a4ba391de69b165362f9bb644"}
,"C:\\Users\\Liema\\H8\\Assignment\\Fase2\\ip-AlvinLiem\\server\\Controllers\\UserController.js": {"path":"C:\\Users\\Liema\\H8\\Assignment\\Fase2\\ip-AlvinLiem\\server\\Controllers\\UserController.js","statementMap":{"0":{"start":{"line":1,"column":28},"end":{"line":1,"column":56}},"1":{"start":{"line":2,"column":22},"end":{"line":2,"column":47}},"2":{"start":{"line":3,"column":17},"end":{"line":3,"column":43}},"3":{"start":{"line":4,"column":25},"end":{"line":4,"column":55}},"4":{"start":{"line":8,"column":4},"end":{"line":13,"column":5}},"5":{"start":{"line":9,"column":19},"end":{"line":9,"column":46}},"6":{"start":{"line":10,"column":6},"end":{"line":10,"column":63}},"7":{"start":{"line":12,"column":6},"end":{"line":12,"column":18}},"8":{"start":{"line":17,"column":4},"end":{"line":45,"column":5}},"9":{"start":{"line":18,"column":34},"end":{"line":18,"column":42}},"10":{"start":{"line":19,"column":6},"end":{"line":21,"column":7}},"11":{"start":{"line":20,"column":8},"end":{"line":20,"column":44}},"12":{"start":{"line":22,"column":6},"end":{"line":24,"column":7}},"13":{"start":{"line":23,"column":8},"end":{"line":23,"column":47}},"14":{"start":{"line":26,"column":23},"end":{"line":28,"column":8}},"15":{"start":{"line":30,"column":6},"end":{"line":32,"column":7}},"16":{"start":{"line":31,"column":8},"end":{"line":31,"column":55}},"17":{"start":{"line":34,"column":24},"end":{"line":34,"column":68}},"18":{"start":{"line":36,"column":6},"end":{"line":38,"column":7}},"19":{"start":{"line":37,"column":8},"end":{"line":37,"column":55}},"20":{"start":{"line":40,"column":27},"end":{"line":40,"column":46}},"21":{"start":{"line":42,"column":6},"end":{"line":42,"column":45}},"22":{"start":{"line":44,"column":6},"end":{"line":44,"column":18}},"23":{"start":{"line":49,"column":18},"end":{"line":49,"column":45}},"24":{"start":{"line":50,"column":19},"end":{"line":50,"column":37}},"25":{"start":{"line":51,"column":4},"end":{"line":81,"column":5}},"26":{"start":{"line":52,"column":21},"end":{"line":55,"column":8}},"27":{"start":{"line":56,"column":22},"end":{"line":56,"column":41}},"28":{"start":{"line":57,"column":20},"end":{"line":57,"column":33}},"29":{"start":{"line":59,"column":17},"end":{"line":61,"column":8}},"30":{"start":{"line":63,"column":6},"end":{"line":74,"column":7}},"31":{"start":{"line":64,"column":8},"end":{"line":73,"column":10}},"32":{"start":{"line":76,"column":27},"end":{"line":76,"column":42}},"33":{"start":{"line":78,"column":6},"end":{"line":78,"column":45}},"34":{"start":{"line":80,"column":6},"end":{"line":80,"column":18}},"35":{"start":{"line":85,"column":4},"end":{"line":92,"column":5}},"36":{"start":{"line":86,"column":21},"end":{"line":86,"column":29}},"37":{"start":{"line":87,"column":19},"end":{"line":87,"column":42}},"38":{"start":{"line":89,"column":6},"end":{"line":89,"column":33}},"39":{"start":{"line":91,"column":6},"end":{"line":91,"column":18}},"40":{"start":{"line":96,"column":4},"end":{"line":109,"column":5}},"41":{"start":{"line":97,"column":21},"end":{"line":97,"column":29}},"42":{"start":{"line":98,"column":52},"end":{"line":98,"column":60}},"43":{"start":{"line":100,"column":19},"end":{"line":105,"column":7}},"44":{"start":{"line":106,"column":6},"end":{"line":106,"column":59}},"45":{"start":{"line":108,"column":6},"end":{"line":108,"column":18}},"46":{"start":{"line":113,"column":0},"end":{"line":113,"column":32}}},"fnMap":{"0":{"name":"(anonymous_0)","decl":{"start":{"line":7,"column":2},"end":{"line":7,"column":3}},"loc":{"start":{"line":7,"column":40},"end":{"line":14,"column":3}},"line":7},"1":{"name":"(anonymous_1)","decl":{"start":{"line":16,"column":2},"end":{"line":16,"column":3}},"loc":{"start":{"line":16,"column":37},"end":{"line":46,"column":3}},"line":16},"2":{"name":"(anonymous_2)","decl":{"start":{"line":48,"column":2},"end":{"line":48,"column":3}},"loc":{"start":{"line":48,"column":43},"end":{"line":82,"column":3}},"line":48},"3":{"name":"(anonymous_3)","decl":{"start":{"line":84,"column":2},"end":{"line":84,"column":3}},"loc":{"start":{"line":84,"column":39},"end":{"line":93,"column":3}},"line":84},"4":{"name":"(anonymous_4)","decl":{"start":{"line":95,"column":2},"end":{"line":95,"column":3}},"loc":{"start":{"line":95,"column":43},"end":{"line":110,"column":3}},"line":95}},"branchMap":{"0":{"loc":{"start":{"line":19,"column":6},"end":{"line":21,"column":7}},"type":"if","locations":[{"start":{"line":19,"column":6},"end":{"line":21,"column":7}},{"start":{},"end":{}}],"line":19},"1":{"loc":{"start":{"line":22,"column":6},"end":{"line":24,"column":7}},"type":"if","locations":[{"start":{"line":22,"column":6},"end":{"line":24,"column":7}},{"start":{},"end":{}}],"line":22},"2":{"loc":{"start":{"line":30,"column":6},"end":{"line":32,"column":7}},"type":"if","locations":[{"start":{"line":30,"column":6},"end":{"line":32,"column":7}},{"start":{},"end":{}}],"line":30},"3":{"loc":{"start":{"line":36,"column":6},"end":{"line":38,"column":7}},"type":"if","locations":[{"start":{"line":36,"column":6},"end":{"line":38,"column":7}},{"start":{},"end":{}}],"line":36},"4":{"loc":{"start":{"line":63,"column":6},"end":{"line":74,"column":7}},"type":"if","locations":[{"start":{"line":63,"column":6},"end":{"line":74,"column":7}},{"start":{},"end":{}}],"line":63}},"s":{"0":3,"1":3,"2":3,"3":3,"4":7,"5":7,"6":1,"7":6,"8":7,"9":7,"10":7,"11":2,"12":5,"13":2,"14":3,"15":3,"16":1,"17":2,"18":2,"19":1,"20":1,"21":1,"22":6,"23":0,"24":0,"25":0,"26":0,"27":0,"28":0,"29":0,"30":0,"31":0,"32":0,"33":0,"34":0,"35":1,"36":1,"37":1,"38":1,"39":0,"40":4,"41":4,"42":4,"43":4,"44":1,"45":3,"46":3},"f":{"0":7,"1":7,"2":0,"3":1,"4":4},"b":{"0":[2,5],"1":[2,3],"2":[1,2],"3":[1,1],"4":[0,0]},"_coverageSchema":"1a1c01bbd47fc00a2c39e90264f33305004495a9","hash":"8e810923918a1afa81ad42df60ec20bfa3f7ddc7"}
,"C:\\Users\\Liema\\H8\\Assignment\\Fase2\\ip-AlvinLiem\\server\\helpers\\bcrypt.js": {"path":"C:\\Users\\Liema\\H8\\Assignment\\Fase2\\ip-AlvinLiem\\server\\helpers\\bcrypt.js","statementMap":{"0":{"start":{"line":1,"column":15},"end":{"line":1,"column":32}},"1":{"start":{"line":4,"column":15},"end":{"line":4,"column":37}},"2":{"start":{"line":5,"column":2},"end":{"line":5,"column":50}},"3":{"start":{"line":9,"column":2},"end":{"line":9,"column":44}},"4":{"start":{"line":12,"column":0},"end":{"line":15,"column":2}}},"fnMap":{"0":{"name":"hashPassword","decl":{"start":{"line":3,"column":9},"end":{"line":3,"column":21}},"loc":{"start":{"line":3,"column":32},"end":{"line":6,"column":1}},"line":3},"1":{"name":"comparePassword","decl":{"start":{"line":8,"column":9},"end":{"line":8,"column":24}},"loc":{"start":{"line":8,"column":41},"end":{"line":10,"column":1}},"line":8}},"branchMap":{},"s":{"0":3,"1":11,"2":11,"3":2,"4":3},"f":{"0":11,"1":2},"b":{},"_coverageSchema":"1a1c01bbd47fc00a2c39e90264f33305004495a9","hash":"3dbdf1c68826e8968a7125b9205c3d04c570cc88"}
,"C:\\Users\\Liema\\H8\\Assignment\\Fase2\\ip-AlvinLiem\\server\\helpers\\jwt.js": {"path":"C:\\Users\\Liema\\H8\\Assignment\\Fase2\\ip-AlvinLiem\\server\\helpers\\jwt.js","statementMap":{"0":{"start":{"line":1,"column":12},"end":{"line":1,"column":35}},"1":{"start":{"line":3,"column":19},"end":{"line":3,"column":41}},"2":{"start":{"line":6,"column":17},"end":{"line":6,"column":21}},"3":{"start":{"line":7,"column":2},"end":{"line":7,"column":38}},"4":{"start":{"line":11,"column":2},"end":{"line":11,"column":39}},"5":{"start":{"line":14,"column":0},"end":{"line":17,"column":2}}},"fnMap":{"0":{"name":"signToken","decl":{"start":{"line":5,"column":9},"end":{"line":5,"column":18}},"loc":{"start":{"line":5,"column":25},"end":{"line":8,"column":1}},"line":5},"1":{"name":"verifyToken","decl":{"start":{"line":10,"column":9},"end":{"line":10,"column":20}},"loc":{"start":{"line":10,"column":28},"end":{"line":12,"column":1}},"line":10}},"branchMap":{},"s":{"0":3,"1":3,"2":10,"3":10,"4":22,"5":3},"f":{"0":10,"1":22},"b":{},"_coverageSchema":"1a1c01bbd47fc00a2c39e90264f33305004495a9","hash":"e41063fb0181898795333a67c2177462d3a7b57f"}
,"C:\\Users\\Liema\\H8\\Assignment\\Fase2\\ip-AlvinLiem\\server\\middleware\\authentication.js": {"path":"C:\\Users\\Liema\\H8\\Assignment\\Fase2\\ip-AlvinLiem\\server\\middleware\\authentication.js","statementMap":{"0":{"start":{"line":1,"column":17},"end":{"line":1,"column":43}},"1":{"start":{"line":2,"column":24},"end":{"line":2,"column":49}},"2":{"start":{"line":5,"column":2},"end":{"line":30,"column":3}},"3":{"start":{"line":6,"column":30},"end":{"line":6,"column":41}},"4":{"start":{"line":8,"column":4},"end":{"line":10,"column":5}},"5":{"start":{"line":9,"column":6},"end":{"line":9,"column":38}},"6":{"start":{"line":11,"column":21},"end":{"line":11,"column":45}},"7":{"start":{"line":13,"column":4},"end":{"line":15,"column":5}},"8":{"start":{"line":14,"column":6},"end":{"line":14,"column":38}},"9":{"start":{"line":17,"column":19},"end":{"line":17,"column":43}},"10":{"start":{"line":19,"column":17},"end":{"line":19,"column":47}},"11":{"start":{"line":21,"column":4},"end":{"line":23,"column":5}},"12":{"start":{"line":22,"column":6},"end":{"line":22,"column":38}},"13":{"start":{"line":25,"column":4},"end":{"line":25,"column":20}},"14":{"start":{"line":27,"column":4},"end":{"line":27,"column":11}},"15":{"start":{"line":29,"column":4},"end":{"line":29,"column":16}},"16":{"start":{"line":33,"column":0},"end":{"line":33,"column":36}}},"fnMap":{"0":{"name":"authentication","decl":{"start":{"line":4,"column":15},"end":{"line":4,"column":29}},"loc":{"start":{"line":4,"column":46},"end":{"line":31,"column":1}},"line":4}},"branchMap":{"0":{"loc":{"start":{"line":8,"column":4},"end":{"line":10,"column":5}},"type":"if","locations":[{"start":{"line":8,"column":4},"end":{"line":10,"column":5}},{"start":{},"end":{}}],"line":8},"1":{"loc":{"start":{"line":13,"column":4},"end":{"line":15,"column":5}},"type":"if","locations":[{"start":{"line":13,"column":4},"end":{"line":15,"column":5}},{"start":{},"end":{}}],"line":13},"2":{"loc":{"start":{"line":21,"column":4},"end":{"line":23,"column":5}},"type":"if","locations":[{"start":{"line":21,"column":4},"end":{"line":23,"column":5}},{"start":{},"end":{}}],"line":21}},"s":{"0":3,"1":3,"2":28,"3":28,"4":28,"5":4,"6":24,"7":24,"8":2,"9":22,"10":19,"11":19,"12":0,"13":19,"14":19,"15":9,"16":3},"f":{"0":28},"b":{"0":[4,24],"1":[2,22],"2":[0,19]},"_coverageSchema":"1a1c01bbd47fc00a2c39e90264f33305004495a9","hash":"90223d4f0b9f4c10ca013321084083227b51060a"}
,"C:\\Users\\Liema\\H8\\Assignment\\Fase2\\ip-AlvinLiem\\server\\middleware\\errorHandler.js": {"path":"C:\\Users\\Liema\\H8\\Assignment\\Fase2\\ip-AlvinLiem\\server\\middleware\\errorHandler.js","statementMap":{"0":{"start":{"line":3,"column":16},"end":{"line":3,"column":19}},"1":{"start":{"line":4,"column":19},"end":{"line":4,"column":42}},"2":{"start":{"line":6,"column":2},"end":{"line":46,"column":3}},"3":{"start":{"line":9,"column":6},"end":{"line":9,"column":20}},"4":{"start":{"line":10,"column":6},"end":{"line":10,"column":41}},"5":{"start":{"line":11,"column":6},"end":{"line":11,"column":12}},"6":{"start":{"line":15,"column":6},"end":{"line":15,"column":20}},"7":{"start":{"line":16,"column":6},"end":{"line":16,"column":28}},"8":{"start":{"line":17,"column":6},"end":{"line":17,"column":12}},"9":{"start":{"line":20,"column":6},"end":{"line":20,"column":20}},"10":{"start":{"line":21,"column":6},"end":{"line":21,"column":28}},"11":{"start":{"line":22,"column":6},"end":{"line":22,"column":12}},"12":{"start":{"line":25,"column":6},"end":{"line":25,"column":20}},"13":{"start":{"line":26,"column":6},"end":{"line":26,"column":28}},"14":{"start":{"line":27,"column":6},"end":{"line":27,"column":12}},"15":{"start":{"line":30,"column":6},"end":{"line":30,"column":20}},"16":{"start":{"line":31,"column":6},"end":{"line":31,"column":35}},"17":{"start":{"line":32,"column":6},"end":{"line":32,"column":12}},"18":{"start":{"line":35,"column":6},"end":{"line":35,"column":20}},"19":{"start":{"line":36,"column":6},"end":{"line":36,"column":28}},"20":{"start":{"line":37,"column":6},"end":{"line":37,"column":12}},"21":{"start":{"line":40,"column":6},"end":{"line":40,"column":20}},"22":{"start":{"line":41,"column":6},"end":{"line":41,"column":28}},"23":{"start":{"line":42,"column":6},"end":{"line":42,"column":12}},"24":{"start":{"line":45,"column":6},"end":{"line":45,"column":12}},"25":{"start":{"line":48,"column":2},"end":{"line":48,"column":52}},"26":{"start":{"line":51,"column":0},"end":{"line":51,"column":34}}},"fnMap":{"0":{"name":"errorHandler","decl":{"start":{"line":1,"column":9},"end":{"line":1,"column":21}},"loc":{"start":{"line":1,"column":43},"end":{"line":49,"column":1}},"line":1}},"branchMap":{"0":{"loc":{"start":{"line":6,"column":2},"end":{"line":46,"column":3}},"type":"switch","locations":[{"start":{"line":7,"column":4},"end":{"line":7,"column":36}},{"start":{"line":8,"column":4},"end":{"line":11,"column":12}},{"start":{"line":13,"column":4},"end":{"line":13,"column":29}},{"start":{"line":14,"column":4},"end":{"line":17,"column":12}},{"start":{"line":19,"column":4},"end":{"line":22,"column":12}},{"start":{"line":24,"column":4},"end":{"line":27,"column":12}},{"start":{"line":29,"column":4},"end":{"line":32,"column":12}},{"start":{"line":34,"column":4},"end":{"line":37,"column":12}},{"start":{"line":39,"column":4},"end":{"line":42,"column":12}},{"start":{"line":44,"column":4},"end":{"line":45,"column":12}}],"line":6}},"s":{"0":28,"1":28,"2":28,"3":9,"4":9,"5":9,"6":4,"7":4,"8":4,"9":2,"10":2,"11":2,"12":6,"13":6,"14":6,"15":3,"16":3,"17":3,"18":1,"19":1,"20":1,"21":3,"22":3,"23":3,"24":0,"25":28,"26":3},"f":{"0":28},"b":{"0":[7,9,2,4,2,6,3,1,3,0]},"_coverageSchema":"1a1c01bbd47fc00a2c39e90264f33305004495a9","hash":"7a1399d0847a5dfb8640ccdc14c38c6c76e09857"}
,"C:\\Users\\Liema\\H8\\Assignment\\Fase2\\ip-AlvinLiem\\server\\models\\index.js": {"path":"C:\\Users\\Liema\\H8\\Assignment\\Fase2\\ip-AlvinLiem\\server\\models\\index.js","statementMap":{"0":{"start":{"line":3,"column":11},"end":{"line":3,"column":24}},"1":{"start":{"line":4,"column":13},"end":{"line":4,"column":28}},"2":{"start":{"line":5,"column":18},"end":{"line":5,"column":38}},"3":{"start":{"line":6,"column":16},"end":{"line":6,"column":34}},"4":{"start":{"line":7,"column":17},"end":{"line":7,"column":42}},"5":{"start":{"line":8,"column":12},"end":{"line":8,"column":49}},"6":{"start":{"line":9,"column":15},"end":{"line":9,"column":65}},"7":{"start":{"line":10,"column":11},"end":{"line":10,"column":13}},"8":{"start":{"line":13,"column":0},"end":{"line":17,"column":1}},"9":{"start":{"line":14,"column":2},"end":{"line":14,"column":74}},"10":{"start":{"line":16,"column":2},"end":{"line":16,"column":87}},"11":{"start":{"line":19,"column":0},"end":{"line":32,"column":5}},"12":{"start":{"line":22,"column":4},"end":{"line":27,"column":6}},"13":{"start":{"line":30,"column":18},"end":{"line":30,"column":85}},"14":{"start":{"line":31,"column":4},"end":{"line":31,"column":27}},"15":{"start":{"line":34,"column":0},"end":{"line":38,"column":3}},"16":{"start":{"line":35,"column":2},"end":{"line":37,"column":3}},"17":{"start":{"line":36,"column":4},"end":{"line":36,"column":32}},"18":{"start":{"line":40,"column":0},"end":{"line":40,"column":25}},"19":{"start":{"line":41,"column":0},"end":{"line":41,"column":25}},"20":{"start":{"line":43,"column":0},"end":{"line":43,"column":20}}},"fnMap":{"0":{"name":"(anonymous_0)","decl":{"start":{"line":21,"column":10},"end":{"line":21,"column":11}},"loc":{"start":{"line":21,"column":18},"end":{"line":28,"column":3}},"line":21},"1":{"name":"(anonymous_1)","decl":{"start":{"line":29,"column":11},"end":{"line":29,"column":12}},"loc":{"start":{"line":29,"column":19},"end":{"line":32,"column":3}},"line":29},"2":{"name":"(anonymous_2)","decl":{"start":{"line":34,"column":24},"end":{"line":34,"column":25}},"loc":{"start":{"line":34,"column":37},"end":{"line":38,"column":1}},"line":34}},"branchMap":{"0":{"loc":{"start":{"line":8,"column":12},"end":{"line":8,"column":49}},"type":"binary-expr","locations":[{"start":{"line":8,"column":12},"end":{"line":8,"column":32}},{"start":{"line":8,"column":36},"end":{"line":8,"column":49}}],"line":8},"1":{"loc":{"start":{"line":13,"column":0},"end":{"line":17,"column":1}},"type":"if","locations":[{"start":{"line":13,"column":0},"end":{"line":17,"column":1}},{"start":{"line":15,"column":7},"end":{"line":17,"column":1}}],"line":13},"2":{"loc":{"start":{"line":23,"column":6},"end":{"line":26,"column":37}},"type":"binary-expr","locations":[{"start":{"line":23,"column":6},"end":{"line":23,"column":29}},{"start":{"line":24,"column":6},"end":{"line":24,"column":23}},{"start":{"line":25,"column":6},"end":{"line":25,"column":30}},{"start":{"line":26,"column":6},"end":{"line":26,"column":37}}],"line":23},"3":{"loc":{"start":{"line":35,"column":2},"end":{"line":37,"column":3}},"type":"if","locations":[{"start":{"line":35,"column":2},"end":{"line":37,"column":3}},{"start":{},"end":{}}],"line":35}},"s":{"0":3,"1":3,"2":3,"3":3,"4":3,"5":3,"6":3,"7":3,"8":3,"9":0,"10":3,"11":3,"12":12,"13":9,"14":9,"15":3,"16":9,"17":9,"18":3,"19":3,"20":3},"f":{"0":12,"1":9,"2":9},"b":{"0":[3,0],"1":[0,3],"2":[12,12,9,9],"3":[9,0]},"_coverageSchema":"1a1c01bbd47fc00a2c39e90264f33305004495a9","hash":"05a6bf8d13e3e2b1cd47cc738eff31dcf5462da7"}
,"C:\\Users\\Liema\\H8\\Assignment\\Fase2\\ip-AlvinLiem\\server\\models\\meal.js": {"path":"C:\\Users\\Liema\\H8\\Assignment\\Fase2\\ip-AlvinLiem\\server\\models\\meal.js","statementMap":{"0":{"start":{"line":2,"column":18},"end":{"line":2,"column":38}},"1":{"start":{"line":3,"column":0},"end":{"line":31,"column":2}},"2":{"start":{"line":11,"column":6},"end":{"line":11,"column":33}},"3":{"start":{"line":14,"column":2},"end":{"line":29,"column":4}},"4":{"start":{"line":30,"column":2},"end":{"line":30,"column":14}}},"fnMap":{"0":{"name":"(anonymous_0)","decl":{"start":{"line":3,"column":17},"end":{"line":3,"column":18}},"loc":{"start":{"line":3,"column":43},"end":{"line":31,"column":1}},"line":3},"1":{"name":"(anonymous_1)","decl":{"start":{"line":10,"column":4},"end":{"line":10,"column":5}},"loc":{"start":{"line":10,"column":29},"end":{"line":12,"column":5}},"line":10}},"branchMap":{},"s":{"0":3,"1":3,"2":3,"3":3,"4":3},"f":{"0":3,"1":3},"b":{},"_coverageSchema":"1a1c01bbd47fc00a2c39e90264f33305004495a9","hash":"3c8ef9a442bb09a2de051badd2a2603fa848ac3a"}
,"C:\\Users\\Liema\\H8\\Assignment\\Fase2\\ip-AlvinLiem\\server\\models\\order.js": {"path":"C:\\Users\\Liema\\H8\\Assignment\\Fase2\\ip-AlvinLiem\\server\\models\\order.js","statementMap":{"0":{"start":{"line":2,"column":18},"end":{"line":2,"column":38}},"1":{"start":{"line":3,"column":0},"end":{"line":42,"column":2}},"2":{"start":{"line":11,"column":6},"end":{"line":11,"column":35}},"3":{"start":{"line":12,"column":6},"end":{"line":12,"column":35}},"4":{"start":{"line":15,"column":2},"end":{"line":40,"column":4}},"5":{"start":{"line":41,"column":2},"end":{"line":41,"column":15}}},"fnMap":{"0":{"name":"(anonymous_0)","decl":{"start":{"line":3,"column":17},"end":{"line":3,"column":18}},"loc":{"start":{"line":3,"column":43},"end":{"line":42,"column":1}},"line":3},"1":{"name":"(anonymous_1)","decl":{"start":{"line":10,"column":4},"end":{"line":10,"column":5}},"loc":{"start":{"line":10,"column":29},"end":{"line":13,"column":5}},"line":10}},"branchMap":{},"s":{"0":3,"1":3,"2":3,"3":3,"4":3,"5":3},"f":{"0":3,"1":3},"b":{},"_coverageSchema":"1a1c01bbd47fc00a2c39e90264f33305004495a9","hash":"4929f63bd1a9b532ebdb3d74c18291d81d69cab0"}
,"C:\\Users\\Liema\\H8\\Assignment\\Fase2\\ip-AlvinLiem\\server\\models\\user.js": {"path":"C:\\Users\\Liema\\H8\\Assignment\\Fase2\\ip-AlvinLiem\\server\\models\\user.js","statementMap":{"0":{"start":{"line":2,"column":18},"end":{"line":2,"column":38}},"1":{"start":{"line":3,"column":25},"end":{"line":3,"column":53}},"2":{"start":{"line":4,"column":0},"end":{"line":66,"column":2}},"3":{"start":{"line":12,"column":6},"end":{"line":12,"column":33}},"4":{"start":{"line":15,"column":2},"end":{"line":64,"column":4}},"5":{"start":{"line":58,"column":10},"end":{"line":58,"column":53}},"6":{"start":{"line":65,"column":2},"end":{"line":65,"column":14}}},"fnMap":{"0":{"name":"(anonymous_0)","decl":{"start":{"line":4,"column":17},"end":{"line":4,"column":18}},"loc":{"start":{"line":4,"column":43},"end":{"line":66,"column":1}},"line":4},"1":{"name":"(anonymous_1)","decl":{"start":{"line":11,"column":4},"end":{"line":11,"column":5}},"loc":{"start":{"line":11,"column":29},"end":{"line":13,"column":5}},"line":11},"2":{"name":"(anonymous_2)","decl":{"start":{"line":57,"column":8},"end":{"line":57,"column":9}},"loc":{"start":{"line":57,"column":31},"end":{"line":59,"column":9}},"line":57}},"branchMap":{},"s":{"0":3,"1":3,"2":3,"3":3,"4":3,"5":11,"6":3},"f":{"0":3,"1":3,"2":11},"b":{},"_coverageSchema":"1a1c01bbd47fc00a2c39e90264f33305004495a9","hash":"19d469200f5655146f26e9bd05841ae35d8672cc"}
,"C:\\Users\\Liema\\H8\\Assignment\\Fase2\\ip-AlvinLiem\\server\\routes\\index.js": {"path":"C:\\Users\\Liema\\H8\\Assignment\\Fase2\\ip-AlvinLiem\\server\\routes\\index.js","statementMap":{"0":{"start":{"line":1,"column":15},"end":{"line":1,"column":42}},"1":{"start":{"line":3,"column":0},"end":{"line":3,"column":46}},"2":{"start":{"line":5,"column":0},"end":{"line":5,"column":41}},"3":{"start":{"line":7,"column":0},"end":{"line":7,"column":48}},"4":{"start":{"line":9,"column":0},"end":{"line":9,"column":24}}},"fnMap":{},"branchMap":{},"s":{"0":3,"1":3,"2":3,"3":3,"4":3},"f":{},"b":{},"_coverageSchema":"1a1c01bbd47fc00a2c39e90264f33305004495a9","hash":"79b969546b3e3f750ca6aab6d9c2eb421ebfae2e"}
,"C:\\Users\\Liema\\H8\\Assignment\\Fase2\\ip-AlvinLiem\\server\\routes\\mealRoutes.js": {"path":"C:\\Users\\Liema\\H8\\Assignment\\Fase2\\ip-AlvinLiem\\server\\routes\\mealRoutes.js","statementMap":{"0":{"start":{"line":1,"column":23},"end":{"line":1,"column":63}},"1":{"start":{"line":3,"column":15},"end":{"line":3,"column":42}},"2":{"start":{"line":5,"column":0},"end":{"line":5,"column":37}},"3":{"start":{"line":7,"column":0},"end":{"line":7,"column":42}},"4":{"start":{"line":9,"column":0},"end":{"line":9,"column":24}}},"fnMap":{},"branchMap":{},"s":{"0":3,"1":3,"2":3,"3":3,"4":3},"f":{},"b":{},"_coverageSchema":"1a1c01bbd47fc00a2c39e90264f33305004495a9","hash":"9d260db22672a46081823e6d45e798f8ba222837"}
,"C:\\Users\\Liema\\H8\\Assignment\\Fase2\\ip-AlvinLiem\\server\\routes\\orderRoutes.js": {"path":"C:\\Users\\Liema\\H8\\Assignment\\Fase2\\ip-AlvinLiem\\server\\routes\\orderRoutes.js","statementMap":{"0":{"start":{"line":1,"column":27},"end":{"line":1,"column":66}},"1":{"start":{"line":2,"column":24},"end":{"line":2,"column":65}},"2":{"start":{"line":4,"column":15},"end":{"line":4,"column":42}},"3":{"start":{"line":6,"column":0},"end":{"line":6,"column":27}},"4":{"start":{"line":8,"column":0},"end":{"line":8,"column":38}},"5":{"start":{"line":10,"column":0},"end":{"line":10,"column":45}},"6":{"start":{"line":12,"column":0},"end":{"line":12,"column":43}},"7":{"start":{"line":14,"column":0},"end":{"line":14,"column":24}}},"fnMap":{},"branchMap":{},"s":{"0":3,"1":3,"2":3,"3":3,"4":3,"5":3,"6":3,"7":3},"f":{},"b":{},"_coverageSchema":"1a1c01bbd47fc00a2c39e90264f33305004495a9","hash":"692c39e38f044b2bdbc889a16f1469349e4677b1"}
,"C:\\Users\\Liema\\H8\\Assignment\\Fase2\\ip-AlvinLiem\\server\\routes\\userRoutes.js": {"path":"C:\\Users\\Liema\\H8\\Assignment\\Fase2\\ip-AlvinLiem\\server\\routes\\userRoutes.js","statementMap":{"0":{"start":{"line":1,"column":26},"end":{"line":1,"column":69}},"1":{"start":{"line":2,"column":23},"end":{"line":2,"column":63}},"2":{"start":{"line":3,"column":27},"end":{"line":3,"column":66}},"3":{"start":{"line":5,"column":15},"end":{"line":5,"column":42}},"4":{"start":{"line":7,"column":0},"end":{"line":7,"column":50}},"5":{"start":{"line":9,"column":0},"end":{"line":9,"column":44}},"6":{"start":{"line":11,"column":0},"end":{"line":11,"column":57}},"7":{"start":{"line":13,"column":0},"end":{"line":16,"column":2}},"8":{"start":{"line":18,"column":0},"end":{"line":18,"column":27}},"9":{"start":{"line":20,"column":0},"end":{"line":20,"column":45}},"10":{"start":{"line":22,"column":0},"end":{"line":22,"column":49}},"11":{"start":{"line":24,"column":0},"end":{"line":24,"column":79}},"12":{"start":{"line":26,"column":0},"end":{"line":26,"column":24}}},"fnMap":{},"branchMap":{},"s":{"0":3,"1":3,"2":3,"3":3,"4":3,"5":3,"6":3,"7":3,"8":3,"9":3,"10":3,"11":3,"12":3},"f":{},"b":{},"_coverageSchema":"1a1c01bbd47fc00a2c39e90264f33305004495a9","hash":"45f7cbb32e02ab95436478ac1ace24a612ade24e"}
}
