TN:
SF:app.js
FNF:0
FNH:0
DA:1,3
DA:2,3
DA:5,3
DA:6,3
DA:7,3
DA:8,3
DA:9,3
DA:10,3
DA:12,3
DA:13,3
DA:14,3
DA:16,3
DA:18,3
DA:20,3
LF:14
LH:14
BRDA:1,0,0,3
BRDA:1,0,1,0
BRDA:10,1,0,3
BRDA:10,1,1,3
BRF:4
BRH:3
end_of_record
TN:
SF:Controllers\MealController.js
FN:4,(anonymous_0)
FN:13,(anonymous_1)
FNF:2
FNH:2
FNDA:1,(anonymous_0)
FNDA:2,(anonymous_1)
DA:1,3
DA:5,1
DA:6,1
DA:7,1
DA:9,0
DA:14,2
DA:15,2
DA:16,2
DA:18,2
DA:19,1
DA:21,1
DA:23,1
DA:28,3
LF:13
LH:12
BRDA:18,0,0,1
BRDA:18,0,1,1
BRF:2
BRH:2
end_of_record
TN:
SF:Controllers\OrderController.js
FN:5,(anonymous_0)
FN:25,(anonymous_1)
FN:40,(anonymous_2)
FNF:3
FNH:3
FNDA:2,(anonymous_0)
FNDA:1,(anonymous_1)
FNDA:4,(anonymous_2)
DA:1,3
DA:2,3
DA:6,2
DA:7,2
DA:8,2
DA:10,2
DA:11,2
DA:12,1
DA:15,1
DA:17,1
DA:19,1
DA:21,1
DA:26,1
DA:27,1
DA:29,1
DA:34,1
DA:36,0
DA:41,4
DA:42,4
DA:43,4
DA:45,4
DA:47,4
DA:48,1
DA:51,3
DA:52,2
DA:53,1
DA:57,2
DA:61,2
DA:63,2
DA:68,3
LF:30
LH:29
BRDA:11,0,0,1
BRDA:11,0,1,1
BRDA:47,1,0,1
BRDA:47,1,1,3
BRDA:51,2,0,2
BRDA:51,2,1,1
BRDA:52,3,0,1
BRDA:52,3,1,1
BRF:8
BRH:8
end_of_record
TN:
SF:Controllers\PaymentController.js
FN:5,(anonymous_0)
FN:35,(anonymous_1)
FN:50,successProcess
FNF:3
FNH:0
FNDA:0,(anonymous_0)
FNDA:0,(anonymous_1)
FNDA:0,successProcess
DA:1,3
DA:2,3
DA:6,0
DA:7,0
DA:8,0
DA:10,0
DA:11,0
DA:14,0
DA:20,0
DA:27,0
DA:29,0
DA:31,0
DA:36,0
DA:37,0
DA:38,0
DA:39,0
DA:41,0
DA:46,0
DA:51,0
DA:54,0
DA:55,0
DA:58,0
DA:60,0
DA:63,0
DA:64,0
DA:71,0
DA:74,0
DA:78,3
LF:28
LH:3
BRDA:10,0,0,0
BRDA:10,0,1,0
BRDA:54,1,0,0
BRDA:54,1,1,0
BRDA:55,2,0,0
BRDA:55,2,1,0
BRDA:60,3,0,0
BRDA:60,3,1,0
BRDA:64,4,0,0
BRDA:64,4,1,0
BRDA:65,5,0,0
BRDA:65,5,1,0
BRDA:65,5,2,0
BRF:13
BRH:0
end_of_record
TN:
SF:Controllers\UserController.js
FN:7,(anonymous_0)
FN:16,(anonymous_1)
FN:48,(anonymous_2)
FN:84,(anonymous_3)
FN:95,(anonymous_4)
FNF:5
FNH:4
FNDA:7,(anonymous_0)
FNDA:7,(anonymous_1)
FNDA:0,(anonymous_2)
FNDA:1,(anonymous_3)
FNDA:4,(anonymous_4)
DA:1,3
DA:2,3
DA:3,3
DA:4,3
DA:8,7
DA:9,7
DA:10,1
DA:12,6
DA:17,7
DA:18,7
DA:19,7
DA:20,2
DA:22,5
DA:23,2
DA:26,3
DA:30,3
DA:31,1
DA:34,2
DA:36,2
DA:37,1
DA:40,1
DA:42,1
DA:44,6
DA:49,0
DA:50,0
DA:51,0
DA:52,0
DA:56,0
DA:57,0
DA:59,0
DA:63,0
DA:64,0
DA:76,0
DA:78,0
DA:80,0
DA:85,1
DA:86,1
DA:87,1
DA:89,1
DA:91,0
DA:96,4
DA:97,4
DA:98,4
DA:100,4
DA:106,1
DA:108,3
DA:113,3
LF:47
LH:34
BRDA:19,0,0,2
BRDA:19,0,1,5
BRDA:22,1,0,2
BRDA:22,1,1,3
BRDA:30,2,0,1
BRDA:30,2,1,2
BRDA:36,3,0,1
BRDA:36,3,1,1
BRDA:63,4,0,0
BRDA:63,4,1,0
BRF:10
BRH:8
end_of_record
TN:
SF:helpers\bcrypt.js
FN:3,hashPassword
FN:8,comparePassword
FNF:2
FNH:2
FNDA:11,hashPassword
FNDA:2,comparePassword
DA:1,3
DA:4,11
DA:5,11
DA:9,2
DA:12,3
LF:5
LH:5
BRF:0
BRH:0
end_of_record
TN:
SF:helpers\jwt.js
FN:5,signToken
FN:10,verifyToken
FNF:2
FNH:2
FNDA:10,signToken
FNDA:22,verifyToken
DA:1,3
DA:3,3
DA:6,10
DA:7,10
DA:11,22
DA:14,3
LF:6
LH:6
BRF:0
BRH:0
end_of_record
TN:
SF:middleware\authentication.js
FN:4,authentication
FNF:1
FNH:1
FNDA:28,authentication
DA:1,3
DA:2,3
DA:5,28
DA:6,28
DA:8,28
DA:9,4
DA:11,24
DA:13,24
DA:14,2
DA:17,22
DA:19,19
DA:21,19
DA:22,0
DA:25,19
DA:27,19
DA:29,9
DA:33,3
LF:17
LH:16
BRDA:8,0,0,4
BRDA:8,0,1,24
BRDA:13,1,0,2
BRDA:13,1,1,22
BRDA:21,2,0,0
BRDA:21,2,1,19
BRF:6
BRH:5
end_of_record
TN:
SF:middleware\errorHandler.js
FN:1,errorHandler
FNF:1
FNH:1
FNDA:28,errorHandler
DA:3,28
DA:4,28
DA:6,28
DA:9,9
DA:10,9
DA:11,9
DA:15,4
DA:16,4
DA:17,4
DA:20,2
DA:21,2
DA:22,2
DA:25,6
DA:26,6
DA:27,6
DA:30,3
DA:31,3
DA:32,3
DA:35,1
DA:36,1
DA:37,1
DA:40,3
DA:41,3
DA:42,3
DA:45,0
DA:48,28
DA:51,3
LF:27
LH:26
BRDA:6,0,0,7
BRDA:6,0,1,9
BRDA:6,0,2,2
BRDA:6,0,3,4
BRDA:6,0,4,2
BRDA:6,0,5,6
BRDA:6,0,6,3
BRDA:6,0,7,1
BRDA:6,0,8,3
BRDA:6,0,9,0
BRF:10
BRH:9
end_of_record
TN:
SF:models\index.js
FN:21,(anonymous_0)
FN:29,(anonymous_1)
FN:34,(anonymous_2)
FNF:3
FNH:3
FNDA:12,(anonymous_0)
FNDA:9,(anonymous_1)
FNDA:9,(anonymous_2)
DA:3,3
DA:4,3
DA:5,3
DA:6,3
DA:7,3
DA:8,3
DA:9,3
DA:10,3
DA:13,3
DA:14,0
DA:16,3
DA:19,3
DA:22,12
DA:30,9
DA:31,9
DA:34,3
DA:35,9
DA:36,9
DA:40,3
DA:41,3
DA:43,3
LF:21
LH:20
BRDA:8,0,0,3
BRDA:8,0,1,0
BRDA:13,1,0,0
BRDA:13,1,1,3
BRDA:23,2,0,12
BRDA:23,2,1,12
BRDA:23,2,2,9
BRDA:23,2,3,9
BRDA:35,3,0,9
BRDA:35,3,1,0
BRF:10
BRH:7
end_of_record
TN:
SF:models\meal.js
FN:3,(anonymous_0)
FN:10,(anonymous_1)
FNF:2
FNH:2
FNDA:3,(anonymous_0)
FNDA:3,(anonymous_1)
DA:2,3
DA:3,3
DA:11,3
DA:14,3
DA:30,3
LF:5
LH:5
BRF:0
BRH:0
end_of_record
TN:
SF:models\order.js
FN:3,(anonymous_0)
FN:10,(anonymous_1)
FNF:2
FNH:2
FNDA:3,(anonymous_0)
FNDA:3,(anonymous_1)
DA:2,3
DA:3,3
DA:11,3
DA:12,3
DA:15,3
DA:41,3
LF:6
LH:6
BRF:0
BRH:0
end_of_record
TN:
SF:models\user.js
FN:4,(anonymous_0)
FN:11,(anonymous_1)
FN:57,(anonymous_2)
FNF:3
FNH:3
FNDA:3,(anonymous_0)
FNDA:3,(anonymous_1)
FNDA:11,(anonymous_2)
DA:2,3
DA:3,3
DA:4,3
DA:12,3
DA:15,3
DA:58,11
DA:65,3
LF:7
LH:7
BRF:0
BRH:0
end_of_record
TN:
SF:routes\index.js
FNF:0
FNH:0
DA:1,3
DA:3,3
DA:5,3
DA:7,3
DA:9,3
LF:5
LH:5
BRF:0
BRH:0
end_of_record
TN:
SF:routes\mealRoutes.js
FNF:0
FNH:0
DA:1,3
DA:3,3
DA:5,3
DA:7,3
DA:9,3
LF:5
LH:5
BRF:0
BRH:0
end_of_record
TN:
SF:routes\orderRoutes.js
FNF:0
FNH:0
DA:1,3
DA:2,3
DA:4,3
DA:6,3
DA:8,3
DA:10,3
DA:12,3
DA:14,3
LF:8
LH:8
BRF:0
BRH:0
end_of_record
TN:
SF:routes\userRoutes.js
FNF:0
FNH:0
DA:1,3
DA:2,3
DA:3,3
DA:5,3
DA:7,3
DA:9,3
DA:11,3
DA:13,3
DA:18,3
DA:20,3
DA:22,3
DA:24,3
DA:26,3
LF:13
LH:13
BRF:0
BRH:0
end_of_record
